{
  "meta": {
    "note": "canned coverage.py JSON for the demo app (ROADMAP 2.2 acceptance). Story: get_user and report_summary are tested, get_order is half-tested (40%), create_order -- the endpoint with the critical static flags -- has zero coverage."
  },
  "files": {
    "app/main.py": {
      "executed_lines": [1, 2, 3, 4, 6, 8, 9, 10, 11, 13, 14, 20, 21, 22, 23, 28, 29, 31],
      "missing_lines": [16, 17, 18, 24, 25, 26],
      "summary": {"covered_lines": 18, "num_statements": 24, "percent_covered": 75.0}
    },
    "app/services.py": {
      "executed_lines": [1, 3, 4, 6, 7, 8, 11, 13],
      "missing_lines": [9, 10, 14],
      "summary": {"covered_lines": 8, "num_statements": 11, "percent_covered": 72.7}
    },
    "app/models.py": {
      "executed_lines": [1, 3, 4, 6, 7, 9, 10],
      "missing_lines": [],
      "summary": {"covered_lines": 7, "num_statements": 7, "percent_covered": 100.0}
    },
    "app/auth.py": {
      "executed_lines": [1, 2],
      "missing_lines": [],
      "summary": {"covered_lines": 2, "num_statements": 2, "percent_covered": 100.0}
    }
  }
}
