{
  "meta": {
    "note": "canned coverage.py JSON for the demo app (ROADMAP 2.2 acceptance). Story: get_user and report_summary are tested, get_order is half-tested (40%), create_order -- the endpoint with the critical static flags -- has zero coverage."
  },
  "files": {
    "app/main.py": {
      "executed_lines": [1, 2, 3, 4, 5, 7, 9, 10, 11, 12, 14, 15, 21, 22, 23, 24, 29, 30, 32],
      "missing_lines": [17, 18, 19, 25, 26, 27],
      "summary": {"covered_lines": 19, "num_statements": 25, "percent_covered": 76.0}
    },
    "app/services.py": {
      "executed_lines": [1, 3, 4, 6, 7, 8, 11, 13],
      "missing_lines": [9, 10, 14],
      "summary": {"covered_lines": 8, "num_statements": 11, "percent_covered": 72.7}
    },
    "app/models.py": {
      "executed_lines": [1, 3, 4, 6, 7, 9, 10],
      "missing_lines": [],
      "summary": {"covered_lines": 7, "num_statements": 7, "percent_covered": 100.0}
    },
    "app/schemas.py": {
      "executed_lines": [1, 4, 5, 6],
      "missing_lines": [],
      "summary": {"covered_lines": 4, "num_statements": 4, "percent_covered": 100.0}
    },
    "app/auth.py": {
      "executed_lines": [1, 2],
      "missing_lines": [],
      "summary": {"covered_lines": 2, "num_statements": 2, "percent_covered": 100.0}
    }
  }
}
